2017/09/06 12:01:05 INFO  - jmeter.util.JMeterUtils: Setting Locale to en_GB 
2017/09/06 12:01:05 INFO  - jmeter.JMeter: Loading user properties from: /usr/share/jmeter/bin/user.properties 
2017/09/06 12:01:05 INFO  - jmeter.JMeter: Loading system properties from: /usr/share/jmeter/bin/system.properties 
2017/09/06 12:01:05 INFO  - jmeter.JMeter: Copyright (c) 1998-2014 The Apache Software Foundation 
2017/09/06 12:01:05 INFO  - jmeter.JMeter: Version 2.11.20151206 
2017/09/06 12:01:05 INFO  - jmeter.JMeter: java.version=1.8.0_45 
2017/09/06 12:01:05 INFO  - jmeter.JMeter: java.vm.name=Java HotSpot(TM) 64-Bit Server VM 
2017/09/06 12:01:05 INFO  - jmeter.JMeter: os.name=Linux 
2017/09/06 12:01:05 INFO  - jmeter.JMeter: os.arch=amd64 
2017/09/06 12:01:05 INFO  - jmeter.JMeter: os.version=4.4.0-93-generic 
2017/09/06 12:01:05 INFO  - jmeter.JMeter: file.encoding=UTF-8 
2017/09/06 12:01:05 INFO  - jmeter.JMeter: Default Locale=English (United Kingdom) 
2017/09/06 12:01:05 INFO  - jmeter.JMeter: JMeter  Locale=English (United Kingdom) 
2017/09/06 12:01:05 INFO  - jmeter.JMeter: JMeterHome=/usr/share/jmeter 
2017/09/06 12:01:05 INFO  - jmeter.JMeter: user.dir  =/home/cedric/dev/DT-dojo/signature 
2017/09/06 12:01:05 INFO  - jmeter.JMeter: PWD       =/home/cedric/dev/DT-dojo/signature 
2017/09/06 12:01:05 INFO  - jmeter.JMeter: IP: 127.0.0.1 Name: cvfdev FullName: localhost 
2017/09/06 12:01:05 INFO  - jmeter.JMeter: Loaded icon properties from org/apache/jmeter/images/icon.properties 
2017/09/06 12:01:05 INFO  - jmeter.engine.util.CompoundVariable: Note: Function class names must contain the string: '.functions.' 
2017/09/06 12:01:05 INFO  - jmeter.engine.util.CompoundVariable: Note: Function class names must not contain the string: '.gui.' 
2017/09/06 12:01:05 INFO  - jmeter.gui.action.LookAndFeelCommand: Using look and feel: javax.swing.plaf.metal.MetalLookAndFeel [Metal, CrossPlatform] 
2017/09/06 12:01:06 INFO  - jmeter.util.BSFTestElement: Registering JMeter version of JavaScript engine as work-round for BSF-22 
2017/09/06 12:01:06 INFO  - jmeter.protocol.http.sampler.HTTPSamplerBase: Cannot find .className property for htmlParser, using default 
2017/09/06 12:01:06 INFO  - jmeter.protocol.http.sampler.HTTPSamplerBase: Parser for text/html is  
2017/09/06 12:01:06 INFO  - jmeter.protocol.http.sampler.HTTPSamplerBase: Parser for application/xhtml+xml is  
2017/09/06 12:01:06 INFO  - jmeter.protocol.http.sampler.HTTPSamplerBase: Parser for application/xml is  
2017/09/06 12:01:06 INFO  - jmeter.protocol.http.sampler.HTTPSamplerBase: Parser for text/xml is  
2017/09/06 12:01:06 INFO  - jmeter.protocol.http.sampler.HTTPSamplerBase: Parser for text/vnd.wap.wml is org.apache.jmeter.protocol.http.parser.RegexpHTMLParser 
2017/09/06 12:01:06 INFO  - jmeter.gui.util.MenuFactory: Skipping org.apache.jmeter.protocol.http.modifier.gui.ParamModifierGui 
2017/09/06 12:01:06 INFO  - jorphan.exec.KeyToolUtils: keytool found at 'keytool' 
2017/09/06 12:01:06 INFO  - jmeter.protocol.http.proxy.ProxyControl: HTTP(S) Test Script Recorder SSL Proxy will use keys that support embedded 3rd party resources in file /usr/share/jmeter/bin/proxyserver.jks 
2017/09/06 12:01:06 INFO  - jmeter.samplers.SampleResult: Note: Sample TimeStamps are START times 
2017/09/06 12:01:06 INFO  - jmeter.samplers.SampleResult: sampleresult.default.encoding is set to ISO-8859-1 
2017/09/06 12:01:06 INFO  - jmeter.samplers.SampleResult: sampleresult.useNanoTime=true 
2017/09/06 12:01:06 INFO  - jmeter.samplers.SampleResult: sampleresult.nanoThreadSleep=5000 
2017/09/06 12:01:14 INFO  - jmeter.services.FileServer: Default base='/home/cedric/dev/DT-dojo/signature' 
2017/09/06 12:01:14 INFO  - jmeter.gui.action.Load: Loading file: /home/cedric/dev/DT-dojo/signature/Graph Results.jmx 
2017/09/06 12:01:14 INFO  - jmeter.services.FileServer: Set new base='/home/cedric/dev/DT-dojo/signature' 
2017/09/06 12:01:14 INFO  - jmeter.save.SaveService: Testplan (JMX) version: 2.2. Testlog (JTL) version: 2.2 
2017/09/06 12:01:14 INFO  - jmeter.save.SaveService: Using SaveService properties file encoding UTF-8 
2017/09/06 12:01:14 INFO  - jmeter.save.SaveService: Using SaveService properties version 2.6 
2017/09/06 12:01:14 INFO  - jmeter.save.SaveService: Using SaveService properties file version 1554411 
2017/09/06 12:01:14 INFO  - jmeter.save.SaveService: All converter versions present and correct 
2017/09/06 12:01:14 INFO  - jmeter.services.FileServer: Set new base='/home/cedric/dev/DT-dojo/signature' 
2017/09/06 12:01:20 INFO  - jmeter.engine.StandardJMeterEngine: Listeners will be started after enabling running version 
2017/09/06 12:01:20 INFO  - jmeter.engine.StandardJMeterEngine: To revert to the earlier behaviour, define jmeterengine.startlistenerslater=false 
2017/09/06 12:01:20 INFO  - jmeter.engine.StandardJMeterEngine: Running the test! 
2017/09/06 12:01:20 INFO  - jmeter.samplers.SampleEvent: List of sample_variables: [] 
2017/09/06 12:01:20 INFO  - jmeter.samplers.SampleEvent: List of sample_variables: [] 
2017/09/06 12:01:20 INFO  - jmeter.gui.util.JMeterMenuBar: setRunning(true,*local*) 
2017/09/06 12:01:20 INFO  - jmeter.engine.StandardJMeterEngine: Starting ThreadGroup: 1 : Thread Group 
2017/09/06 12:01:20 INFO  - jmeter.engine.StandardJMeterEngine: Starting 8 threads for group Thread Group. 
2017/09/06 12:01:20 INFO  - jmeter.engine.StandardJMeterEngine: Thread will continue on error 
2017/09/06 12:01:20 INFO  - jmeter.threads.ThreadGroup: Starting thread group number 1 threads 8 ramp-up 0 perThread 0.0 delayedStart=false 
2017/09/06 12:01:20 INFO  - jmeter.threads.JMeterThread: jmeterthread.startearlier=true (see jmeter.properties) 
2017/09/06 12:01:20 INFO  - jmeter.threads.JMeterThread: Running PostProcessors in forward order 
2017/09/06 12:01:20 INFO  - jmeter.threads.JMeterThread: Thread started: Thread Group 1-2 
2017/09/06 12:01:20 INFO  - jmeter.threads.JMeterThread: Thread started: Thread Group 1-1 
2017/09/06 12:01:20 INFO  - jmeter.threads.JMeterThread: Thread started: Thread Group 1-3 
2017/09/06 12:01:20 INFO  - jmeter.threads.ThreadGroup: Started thread group number 1 
2017/09/06 12:01:20 INFO  - jmeter.engine.StandardJMeterEngine: All thread groups have been started 
2017/09/06 12:01:20 INFO  - jmeter.threads.JMeterThread: Thread started: Thread Group 1-4 
2017/09/06 12:01:20 INFO  - jmeter.threads.JMeterThread: Thread started: Thread Group 1-6 
2017/09/06 12:01:20 INFO  - jmeter.threads.JMeterThread: Thread started: Thread Group 1-5 
2017/09/06 12:01:20 INFO  - jmeter.threads.JMeterThread: Thread started: Thread Group 1-7 
2017/09/06 12:01:20 INFO  - jmeter.threads.JMeterThread: Thread started: Thread Group 1-8 
2017/09/06 12:01:20 INFO  - jmeter.protocol.http.sampler.HTTPHCAbstractImpl: Local host = cvfdev 
2017/09/06 12:01:20 INFO  - jmeter.protocol.http.sampler.HTTPHC4Impl: HTTP request retry count = 0 
2017/09/06 12:01:20 INFO  - jmeter.protocol.http.sampler.HTTPHC4Impl: Setting up HTTPS TrustAll scheme 
2017/09/06 12:01:20 INFO  - jmeter.util.JsseSSLManager: Using default SSL protocol: TLS 
2017/09/06 12:01:20 INFO  - jmeter.util.JsseSSLManager: SSL session context: per-thread 
2017/09/06 12:01:21 INFO  - jmeter.threads.JMeterThread: Thread finished: Thread Group 1-1 
2017/09/06 12:01:21 INFO  - jmeter.threads.JMeterThread: Thread finished: Thread Group 1-7 
2017/09/06 12:01:21 INFO  - jmeter.threads.JMeterThread: Thread finished: Thread Group 1-4 
2017/09/06 12:01:30 INFO  - jmeter.threads.JMeterThread: Thread finished: Thread Group 1-5 
2017/09/06 12:01:30 INFO  - jmeter.threads.JMeterThread: Thread finished: Thread Group 1-8 
2017/09/06 12:01:30 INFO  - jmeter.threads.JMeterThread: Thread finished: Thread Group 1-3 
2017/09/06 12:01:30 INFO  - jmeter.threads.JMeterThread: Thread finished: Thread Group 1-2 
2017/09/06 12:01:30 INFO  - jmeter.threads.JMeterThread: Thread finished: Thread Group 1-6 
2017/09/06 12:01:30 INFO  - jmeter.engine.StandardJMeterEngine: Notifying test listeners of end of test 
2017/09/06 12:01:30 INFO  - jmeter.gui.util.JMeterMenuBar: setRunning(false,*local*) 
2017/09/06 12:04:54 INFO  - jmeter.engine.StandardJMeterEngine: Running the test! 
2017/09/06 12:04:54 INFO  - jmeter.samplers.SampleEvent: List of sample_variables: [] 
2017/09/06 12:04:54 INFO  - jmeter.gui.util.JMeterMenuBar: setRunning(true,*local*) 
2017/09/06 12:04:54 INFO  - jmeter.engine.StandardJMeterEngine: Starting ThreadGroup: 1 : Thread Group 
2017/09/06 12:04:54 INFO  - jmeter.engine.StandardJMeterEngine: Starting 8 threads for group Thread Group. 
2017/09/06 12:04:54 INFO  - jmeter.engine.StandardJMeterEngine: Thread will continue on error 
2017/09/06 12:04:54 INFO  - jmeter.threads.ThreadGroup: Starting thread group number 1 threads 8 ramp-up 0 perThread 0.0 delayedStart=false 
2017/09/06 12:04:54 INFO  - jmeter.threads.JMeterThread: Thread started: Thread Group 1-1 
2017/09/06 12:04:54 INFO  - jmeter.threads.JMeterThread: Thread started: Thread Group 1-2 
2017/09/06 12:04:54 INFO  - jmeter.threads.JMeterThread: Thread started: Thread Group 1-3 
2017/09/06 12:04:54 INFO  - jmeter.threads.JMeterThread: Thread started: Thread Group 1-4 
2017/09/06 12:04:54 INFO  - jmeter.threads.JMeterThread: Thread started: Thread Group 1-5 
2017/09/06 12:04:54 INFO  - jmeter.threads.ThreadGroup: Started thread group number 1 
2017/09/06 12:04:54 INFO  - jmeter.engine.StandardJMeterEngine: All thread groups have been started 
2017/09/06 12:04:54 INFO  - jmeter.threads.JMeterThread: Thread started: Thread Group 1-8 
2017/09/06 12:04:54 INFO  - jmeter.threads.JMeterThread: Thread started: Thread Group 1-7 
2017/09/06 12:04:54 INFO  - jmeter.threads.JMeterThread: Thread started: Thread Group 1-6 
2017/09/06 12:04:56 INFO  - jmeter.threads.JMeterThread: Thread finished: Thread Group 1-3 
2017/09/06 12:04:56 INFO  - jmeter.threads.JMeterThread: Thread finished: Thread Group 1-1 
2017/09/06 12:04:56 INFO  - jmeter.threads.JMeterThread: Thread finished: Thread Group 1-6 
2017/09/06 12:04:58 INFO  - jmeter.gui.action.Start: Stopping test 
2017/09/06 12:04:58 INFO  - jmeter.threads.JMeterThread: Stopping: Thread Group 1-4 
2017/09/06 12:04:58 WARN  - jmeter.threads.JMeterThread: Interrupting: Thread Group 1-4 sampler: HTTP Request 
2017/09/06 12:04:58 INFO  - jmeter.threads.JMeterThread: Stopping: Thread Group 1-5 
2017/09/06 12:04:58 WARN  - jmeter.threads.JMeterThread: Interrupting: Thread Group 1-5 sampler: HTTP Request 
2017/09/06 12:04:58 INFO  - jmeter.threads.JMeterThread: Stopping: Thread Group 1-7 
2017/09/06 12:04:58 WARN  - jmeter.threads.JMeterThread: Interrupting: Thread Group 1-7 sampler: HTTP Request 
2017/09/06 12:04:58 INFO  - jmeter.threads.JMeterThread: Stopping: Thread Group 1-8 
2017/09/06 12:04:58 WARN  - jmeter.threads.JMeterThread: Interrupting: Thread Group 1-8 sampler: HTTP Request 
2017/09/06 12:04:58 INFO  - jmeter.threads.JMeterThread: Stopping: Thread Group 1-2 
2017/09/06 12:04:58 WARN  - jmeter.threads.JMeterThread: Interrupting: Thread Group 1-2 sampler: HTTP Request 
2017/09/06 12:04:58 WARN  - jmeter.util.JMeterUtils: Interrupted in thread Thread Group 1-5 java.lang.InterruptedException
	at java.lang.Object.wait(Native Method)
	at java.lang.Object.wait(Object.java:502)
	at java.awt.EventQueue.invokeAndWait(EventQueue.java:1313)
	at java.awt.EventQueue.invokeAndWait(EventQueue.java:1294)
	at javax.swing.SwingUtilities.invokeAndWait(SwingUtilities.java:1348)
	at org.apache.jmeter.util.JMeterUtils.runSafe(JMeterUtils.java:1296)
	at org.apache.jmeter.visualizers.GraphVisualizer.add(GraphVisualizer.java:134)
	at org.apache.jmeter.reporters.ResultCollector.sendToVisualizer(ResultCollector.java:553)
	at org.apache.jmeter.reporters.ResultCollector.sampleOccurred(ResultCollector.java:529)
	at org.apache.jmeter.threads.ListenerNotifier.notifyListeners(ListenerNotifier.java:84)
	at org.apache.jmeter.threads.JMeterThread.notifyListeners(JMeterThread.java:783)
	at org.apache.jmeter.threads.JMeterThread.process_sampler(JMeterThread.java:443)
	at org.apache.jmeter.threads.JMeterThread.run(JMeterThread.java:257)
	at java.lang.Thread.run(Thread.java:745)

2017/09/06 12:04:58 WARN  - jmeter.util.JMeterUtils: Interrupted in thread Thread Group 1-7 java.lang.InterruptedException
	at java.lang.Object.wait(Native Method)
	at java.lang.Object.wait(Object.java:502)
	at java.awt.EventQueue.invokeAndWait(EventQueue.java:1313)
	at java.awt.EventQueue.invokeAndWait(EventQueue.java:1294)
	at javax.swing.SwingUtilities.invokeAndWait(SwingUtilities.java:1348)
	at org.apache.jmeter.util.JMeterUtils.runSafe(JMeterUtils.java:1296)
	at org.apache.jmeter.visualizers.GraphVisualizer.add(GraphVisualizer.java:134)
	at org.apache.jmeter.reporters.ResultCollector.sendToVisualizer(ResultCollector.java:553)
	at org.apache.jmeter.reporters.ResultCollector.sampleOccurred(ResultCollector.java:529)
	at org.apache.jmeter.threads.ListenerNotifier.notifyListeners(ListenerNotifier.java:84)
	at org.apache.jmeter.threads.JMeterThread.notifyListeners(JMeterThread.java:783)
	at org.apache.jmeter.threads.JMeterThread.process_sampler(JMeterThread.java:443)
	at org.apache.jmeter.threads.JMeterThread.run(JMeterThread.java:257)
	at java.lang.Thread.run(Thread.java:745)

2017/09/06 12:04:58 WARN  - jmeter.util.JMeterUtils: Interrupted in thread Thread Group 1-4 java.lang.InterruptedException
	at java.lang.Object.wait(Native Method)
	at java.lang.Object.wait(Object.java:502)
	at java.awt.EventQueue.invokeAndWait(EventQueue.java:1313)
	at java.awt.EventQueue.invokeAndWait(EventQueue.java:1294)
	at javax.swing.SwingUtilities.invokeAndWait(SwingUtilities.java:1348)
	at org.apache.jmeter.util.JMeterUtils.runSafe(JMeterUtils.java:1296)
	at org.apache.jmeter.visualizers.GraphVisualizer.add(GraphVisualizer.java:134)
	at org.apache.jmeter.reporters.ResultCollector.sendToVisualizer(ResultCollector.java:553)
	at org.apache.jmeter.reporters.ResultCollector.sampleOccurred(ResultCollector.java:529)
	at org.apache.jmeter.threads.ListenerNotifier.notifyListeners(ListenerNotifier.java:84)
	at org.apache.jmeter.threads.JMeterThread.notifyListeners(JMeterThread.java:783)
	at org.apache.jmeter.threads.JMeterThread.process_sampler(JMeterThread.java:443)
	at org.apache.jmeter.threads.JMeterThread.run(JMeterThread.java:257)
	at java.lang.Thread.run(Thread.java:745)

2017/09/06 12:04:58 WARN  - jmeter.util.JMeterUtils: Interrupted in thread Thread Group 1-8 java.lang.InterruptedException
	at java.lang.Object.wait(Native Method)
	at java.lang.Object.wait(Object.java:502)
	at java.awt.EventQueue.invokeAndWait(EventQueue.java:1313)
	at java.awt.EventQueue.invokeAndWait(EventQueue.java:1294)
	at javax.swing.SwingUtilities.invokeAndWait(SwingUtilities.java:1348)
	at org.apache.jmeter.util.JMeterUtils.runSafe(JMeterUtils.java:1296)
	at org.apache.jmeter.visualizers.GraphVisualizer.add(GraphVisualizer.java:134)
	at org.apache.jmeter.reporters.ResultCollector.sendToVisualizer(ResultCollector.java:553)
	at org.apache.jmeter.reporters.ResultCollector.sampleOccurred(ResultCollector.java:529)
	at org.apache.jmeter.threads.ListenerNotifier.notifyListeners(ListenerNotifier.java:84)
	at org.apache.jmeter.threads.JMeterThread.notifyListeners(JMeterThread.java:783)
	at org.apache.jmeter.threads.JMeterThread.process_sampler(JMeterThread.java:443)
	at org.apache.jmeter.threads.JMeterThread.run(JMeterThread.java:257)
	at java.lang.Thread.run(Thread.java:745)

2017/09/06 12:04:58 WARN  - jmeter.util.JMeterUtils: Interrupted in thread Thread Group 1-2 java.lang.InterruptedException
	at java.lang.Object.wait(Native Method)
	at java.lang.Object.wait(Object.java:502)
	at java.awt.EventQueue.invokeAndWait(EventQueue.java:1313)
	at java.awt.EventQueue.invokeAndWait(EventQueue.java:1294)
	at javax.swing.SwingUtilities.invokeAndWait(SwingUtilities.java:1348)
	at org.apache.jmeter.util.JMeterUtils.runSafe(JMeterUtils.java:1296)
	at org.apache.jmeter.visualizers.GraphVisualizer.add(GraphVisualizer.java:134)
	at org.apache.jmeter.reporters.ResultCollector.sendToVisualizer(ResultCollector.java:553)
	at org.apache.jmeter.reporters.ResultCollector.sampleOccurred(ResultCollector.java:529)
	at org.apache.jmeter.threads.ListenerNotifier.notifyListeners(ListenerNotifier.java:84)
	at org.apache.jmeter.threads.JMeterThread.notifyListeners(JMeterThread.java:783)
	at org.apache.jmeter.threads.JMeterThread.process_sampler(JMeterThread.java:443)
	at org.apache.jmeter.threads.JMeterThread.run(JMeterThread.java:257)
	at java.lang.Thread.run(Thread.java:745)

2017/09/06 12:04:58 INFO  - jmeter.threads.JMeterThread: Thread finished: Thread Group 1-5 
2017/09/06 12:04:58 INFO  - jmeter.threads.JMeterThread: Thread finished: Thread Group 1-7 
2017/09/06 12:04:58 INFO  - jmeter.threads.JMeterThread: Thread finished: Thread Group 1-4 
2017/09/06 12:04:58 INFO  - jmeter.threads.JMeterThread: Thread finished: Thread Group 1-2 
2017/09/06 12:04:58 INFO  - jmeter.threads.JMeterThread: Thread finished: Thread Group 1-8 
2017/09/06 12:04:58 INFO  - jmeter.engine.StandardJMeterEngine: Notifying test listeners of end of test 
2017/09/06 12:04:58 INFO  - jmeter.gui.util.JMeterMenuBar: setRunning(false,*local*) 
2017/09/06 12:05:08 INFO  - jmeter.engine.StandardJMeterEngine: Running the test! 
2017/09/06 12:05:08 INFO  - jmeter.samplers.SampleEvent: List of sample_variables: [] 
2017/09/06 12:05:08 INFO  - jmeter.gui.util.JMeterMenuBar: setRunning(true,*local*) 
2017/09/06 12:05:08 INFO  - jmeter.engine.StandardJMeterEngine: Starting ThreadGroup: 1 : Thread Group 
2017/09/06 12:05:08 INFO  - jmeter.engine.StandardJMeterEngine: Starting 4 threads for group Thread Group. 
2017/09/06 12:05:08 INFO  - jmeter.engine.StandardJMeterEngine: Thread will continue on error 
2017/09/06 12:05:08 INFO  - jmeter.threads.ThreadGroup: Starting thread group number 1 threads 4 ramp-up 0 perThread 0.0 delayedStart=false 
2017/09/06 12:05:08 INFO  - jmeter.threads.JMeterThread: Thread started: Thread Group 1-1 
2017/09/06 12:05:08 INFO  - jmeter.threads.JMeterThread: Thread started: Thread Group 1-2 
2017/09/06 12:05:08 INFO  - jmeter.threads.JMeterThread: Thread started: Thread Group 1-3 
2017/09/06 12:05:08 INFO  - jmeter.threads.ThreadGroup: Started thread group number 1 
2017/09/06 12:05:08 INFO  - jmeter.engine.StandardJMeterEngine: All thread groups have been started 
2017/09/06 12:05:08 INFO  - jmeter.threads.JMeterThread: Thread started: Thread Group 1-4 
2017/09/06 12:05:10 INFO  - jmeter.threads.JMeterThread: Thread finished: Thread Group 1-2 
2017/09/06 12:05:10 INFO  - jmeter.threads.JMeterThread: Thread finished: Thread Group 1-1 
2017/09/06 12:05:10 INFO  - jmeter.threads.JMeterThread: Thread finished: Thread Group 1-3 
2017/09/06 12:05:10 INFO  - jmeter.threads.JMeterThread: Thread finished: Thread Group 1-4 
2017/09/06 12:05:10 INFO  - jmeter.engine.StandardJMeterEngine: Notifying test listeners of end of test 
2017/09/06 12:05:10 INFO  - jmeter.gui.util.JMeterMenuBar: setRunning(false,*local*) 
2017/09/06 12:05:14 INFO  - jmeter.engine.StandardJMeterEngine: Running the test! 
2017/09/06 12:05:14 INFO  - jmeter.samplers.SampleEvent: List of sample_variables: [] 
2017/09/06 12:05:14 INFO  - jmeter.gui.util.JMeterMenuBar: setRunning(true,*local*) 
2017/09/06 12:05:14 INFO  - jmeter.engine.StandardJMeterEngine: Starting ThreadGroup: 1 : Thread Group 
2017/09/06 12:05:14 INFO  - jmeter.engine.StandardJMeterEngine: Starting 4 threads for group Thread Group. 
2017/09/06 12:05:14 INFO  - jmeter.engine.StandardJMeterEngine: Thread will continue on error 
2017/09/06 12:05:14 INFO  - jmeter.threads.ThreadGroup: Starting thread group number 1 threads 4 ramp-up 0 perThread 0.0 delayedStart=false 
2017/09/06 12:05:14 INFO  - jmeter.threads.JMeterThread: Thread started: Thread Group 1-1 
2017/09/06 12:05:14 INFO  - jmeter.threads.JMeterThread: Thread started: Thread Group 1-3 
2017/09/06 12:05:14 INFO  - jmeter.threads.ThreadGroup: Started thread group number 1 
2017/09/06 12:05:14 INFO  - jmeter.engine.StandardJMeterEngine: All thread groups have been started 
2017/09/06 12:05:14 INFO  - jmeter.threads.JMeterThread: Thread started: Thread Group 1-2 
2017/09/06 12:05:14 INFO  - jmeter.threads.JMeterThread: Thread started: Thread Group 1-4 
2017/09/06 12:05:16 INFO  - jmeter.threads.JMeterThread: Thread finished: Thread Group 1-2 
2017/09/06 12:05:16 INFO  - jmeter.threads.JMeterThread: Thread finished: Thread Group 1-3 
2017/09/06 12:05:16 INFO  - jmeter.threads.JMeterThread: Thread finished: Thread Group 1-1 
2017/09/06 12:05:16 INFO  - jmeter.threads.JMeterThread: Thread finished: Thread Group 1-4 
2017/09/06 12:05:16 INFO  - jmeter.engine.StandardJMeterEngine: Notifying test listeners of end of test 
2017/09/06 12:05:16 INFO  - jmeter.gui.util.JMeterMenuBar: setRunning(false,*local*) 
2017/09/06 12:05:43 INFO  - jmeter.engine.StandardJMeterEngine: Running the test! 
2017/09/06 12:05:43 INFO  - jmeter.samplers.SampleEvent: List of sample_variables: [] 
2017/09/06 12:05:43 INFO  - jmeter.gui.util.JMeterMenuBar: setRunning(true,*local*) 
2017/09/06 12:05:43 INFO  - jmeter.engine.StandardJMeterEngine: Starting ThreadGroup: 1 : Thread Group 
2017/09/06 12:05:43 INFO  - jmeter.engine.StandardJMeterEngine: Starting 4 threads for group Thread Group. 
2017/09/06 12:05:43 INFO  - jmeter.engine.StandardJMeterEngine: Thread will continue on error 
2017/09/06 12:05:43 INFO  - jmeter.threads.ThreadGroup: Starting thread group number 1 threads 4 ramp-up 0 perThread 0.0 delayedStart=false 
2017/09/06 12:05:43 INFO  - jmeter.threads.JMeterThread: Thread started: Thread Group 1-1 
2017/09/06 12:05:43 INFO  - jmeter.threads.JMeterThread: Thread started: Thread Group 1-2 
2017/09/06 12:05:43 INFO  - jmeter.threads.JMeterThread: Thread started: Thread Group 1-3 
2017/09/06 12:05:43 INFO  - jmeter.threads.ThreadGroup: Started thread group number 1 
2017/09/06 12:05:43 INFO  - jmeter.engine.StandardJMeterEngine: All thread groups have been started 
2017/09/06 12:05:43 INFO  - jmeter.threads.JMeterThread: Thread started: Thread Group 1-4 
2017/09/06 12:05:43 INFO  - jmeter.threads.JMeterThread: Thread finished: Thread Group 1-2 
2017/09/06 12:05:43 INFO  - jmeter.threads.JMeterThread: Thread finished: Thread Group 1-3 
2017/09/06 12:05:43 INFO  - jmeter.threads.JMeterThread: Thread finished: Thread Group 1-4 
2017/09/06 12:05:43 INFO  - jmeter.threads.JMeterThread: Thread finished: Thread Group 1-1 
2017/09/06 12:05:43 INFO  - jmeter.engine.StandardJMeterEngine: Notifying test listeners of end of test 
2017/09/06 12:05:43 INFO  - jmeter.gui.util.JMeterMenuBar: setRunning(false,*local*) 
2017/09/06 12:06:07 INFO  - jmeter.engine.StandardJMeterEngine: Running the test! 
2017/09/06 12:06:07 INFO  - jmeter.samplers.SampleEvent: List of sample_variables: [] 
2017/09/06 12:06:07 INFO  - jmeter.gui.util.JMeterMenuBar: setRunning(true,*local*) 
2017/09/06 12:06:07 INFO  - jmeter.engine.StandardJMeterEngine: Starting ThreadGroup: 1 : Thread Group 
2017/09/06 12:06:07 INFO  - jmeter.engine.StandardJMeterEngine: Starting 4 threads for group Thread Group. 
2017/09/06 12:06:07 INFO  - jmeter.engine.StandardJMeterEngine: Thread will continue on error 
2017/09/06 12:06:07 INFO  - jmeter.threads.ThreadGroup: Starting thread group number 1 threads 4 ramp-up 0 perThread 0.0 delayedStart=false 
2017/09/06 12:06:07 INFO  - jmeter.threads.JMeterThread: Thread started: Thread Group 1-1 
2017/09/06 12:06:07 INFO  - jmeter.threads.JMeterThread: Thread started: Thread Group 1-2 
2017/09/06 12:06:07 INFO  - jmeter.threads.JMeterThread: Thread started: Thread Group 1-3 
2017/09/06 12:06:07 INFO  - jmeter.threads.ThreadGroup: Started thread group number 1 
2017/09/06 12:06:07 INFO  - jmeter.engine.StandardJMeterEngine: All thread groups have been started 
2017/09/06 12:06:07 INFO  - jmeter.threads.JMeterThread: Thread started: Thread Group 1-4 
2017/09/06 12:06:07 INFO  - jmeter.threads.JMeterThread: Thread finished: Thread Group 1-3 
2017/09/06 12:06:07 INFO  - jmeter.threads.JMeterThread: Thread finished: Thread Group 1-1 
2017/09/06 12:06:07 INFO  - jmeter.threads.JMeterThread: Thread finished: Thread Group 1-2 
2017/09/06 12:06:07 INFO  - jmeter.threads.JMeterThread: Thread finished: Thread Group 1-4 
2017/09/06 12:06:07 INFO  - jmeter.engine.StandardJMeterEngine: Notifying test listeners of end of test 
2017/09/06 12:06:07 INFO  - jmeter.gui.util.JMeterMenuBar: setRunning(false,*local*) 
2017/09/06 12:07:38 INFO  - jmeter.engine.StandardJMeterEngine: Running the test! 
2017/09/06 12:07:38 INFO  - jmeter.samplers.SampleEvent: List of sample_variables: [] 
2017/09/06 12:07:38 INFO  - jmeter.gui.util.JMeterMenuBar: setRunning(true,*local*) 
2017/09/06 12:07:38 INFO  - jmeter.engine.StandardJMeterEngine: Starting ThreadGroup: 1 : Thread Group 
2017/09/06 12:07:38 INFO  - jmeter.engine.StandardJMeterEngine: Starting 4 threads for group Thread Group. 
2017/09/06 12:07:38 INFO  - jmeter.engine.StandardJMeterEngine: Thread will continue on error 
2017/09/06 12:07:38 INFO  - jmeter.threads.ThreadGroup: Starting thread group number 1 threads 4 ramp-up 0 perThread 0.0 delayedStart=false 
2017/09/06 12:07:38 INFO  - jmeter.threads.JMeterThread: Thread started: Thread Group 1-1 
2017/09/06 12:07:38 INFO  - jmeter.threads.JMeterThread: Thread started: Thread Group 1-2 
2017/09/06 12:07:38 INFO  - jmeter.threads.JMeterThread: Thread started: Thread Group 1-3 
2017/09/06 12:07:38 INFO  - jmeter.threads.ThreadGroup: Started thread group number 1 
2017/09/06 12:07:38 INFO  - jmeter.engine.StandardJMeterEngine: All thread groups have been started 
2017/09/06 12:07:38 INFO  - jmeter.threads.JMeterThread: Thread started: Thread Group 1-4 
2017/09/06 12:07:40 INFO  - jmeter.threads.JMeterThread: Thread finished: Thread Group 1-3 
2017/09/06 12:07:40 INFO  - jmeter.threads.JMeterThread: Thread finished: Thread Group 1-2 
2017/09/06 12:07:40 INFO  - jmeter.threads.JMeterThread: Thread finished: Thread Group 1-4 
2017/09/06 12:07:40 INFO  - jmeter.threads.JMeterThread: Thread finished: Thread Group 1-1 
2017/09/06 12:07:40 INFO  - jmeter.engine.StandardJMeterEngine: Notifying test listeners of end of test 
2017/09/06 12:07:40 INFO  - jmeter.gui.util.JMeterMenuBar: setRunning(false,*local*) 
2017/09/06 12:07:55 INFO  - jmeter.engine.StandardJMeterEngine: Running the test! 
2017/09/06 12:07:55 INFO  - jmeter.samplers.SampleEvent: List of sample_variables: [] 
2017/09/06 12:07:55 INFO  - jmeter.gui.util.JMeterMenuBar: setRunning(true,*local*) 
2017/09/06 12:07:55 INFO  - jmeter.engine.StandardJMeterEngine: Starting ThreadGroup: 1 : Thread Group 
2017/09/06 12:07:55 INFO  - jmeter.engine.StandardJMeterEngine: Starting 4 threads for group Thread Group. 
2017/09/06 12:07:55 INFO  - jmeter.engine.StandardJMeterEngine: Thread will continue on error 
2017/09/06 12:07:55 INFO  - jmeter.threads.ThreadGroup: Starting thread group number 1 threads 4 ramp-up 0 perThread 0.0 delayedStart=false 
2017/09/06 12:07:55 INFO  - jmeter.threads.JMeterThread: Thread started: Thread Group 1-1 
2017/09/06 12:07:55 INFO  - jmeter.threads.ThreadGroup: Started thread group number 1 
2017/09/06 12:07:55 INFO  - jmeter.threads.JMeterThread: Thread started: Thread Group 1-3 
2017/09/06 12:07:55 INFO  - jmeter.engine.StandardJMeterEngine: All thread groups have been started 
2017/09/06 12:07:55 INFO  - jmeter.threads.JMeterThread: Thread started: Thread Group 1-4 
2017/09/06 12:07:55 INFO  - jmeter.threads.JMeterThread: Thread started: Thread Group 1-2 
2017/09/06 12:07:57 INFO  - jmeter.threads.JMeterThread: Thread finished: Thread Group 1-1 
2017/09/06 12:07:57 INFO  - jmeter.threads.JMeterThread: Thread finished: Thread Group 1-2 
2017/09/06 12:07:57 INFO  - jmeter.threads.JMeterThread: Thread finished: Thread Group 1-3 
2017/09/06 12:07:57 INFO  - jmeter.threads.JMeterThread: Thread finished: Thread Group 1-4 
2017/09/06 12:07:57 INFO  - jmeter.engine.StandardJMeterEngine: Notifying test listeners of end of test 
2017/09/06 12:07:57 INFO  - jmeter.gui.util.JMeterMenuBar: setRunning(false,*local*) 
